<?xml version="1.0" encoding="UTF-8"?>
<testng-results skipped="0" failed="0" ignored="0" total="1" passed="1">
  <reporter-output>
  </reporter-output>
  <suite name="Default suite" duration-ms="23919" started-at="2020-07-02T12:41:24 IST" finished-at="2020-07-02T12:41:48 IST">
    <groups>
    </groups>
    <test name="Default test" duration-ms="23919" started-at="2020-07-02T12:41:24 IST" finished-at="2020-07-02T12:41:48 IST">
      <class name="com.salesforce.testcases.LoginTestCase">
        <test-method status="PASS" signature="setupSuite()[pri:0, instance:com.salesforce.testcases.LoginTestCase@4b1c1ea0]" name="setupSuite" is-config="true" duration-ms="898" started-at="2020-07-02T12:41:23 IST" finished-at="2020-07-02T12:41:24 IST">
          <reporter-output>
          </reporter-output>
        </test-method> <!-- setupSuite -->
        <test-method status="PASS" signature="setup()[pri:0, instance:com.salesforce.testcases.LoginTestCase@4b1c1ea0]" name="setup" is-config="true" duration-ms="9680" started-at="2020-07-02T12:41:24 IST" finished-at="2020-07-02T12:41:33 IST">
          <reporter-output>
          </reporter-output>
        </test-method> <!-- setup -->
        <test-method status="PASS" signature="loginAppl()[pri:1, instance:com.salesforce.testcases.LoginTestCase@4b1c1ea0]" name="loginAppl" duration-ms="11832" started-at="2020-07-02T12:41:33 IST" finished-at="2020-07-02T12:41:45 IST">
          <reporter-output>
          </reporter-output>
        </test-method> <!-- loginAppl -->
        <test-method status="PASS" signature="tearDownMethod(org.testng.ITestResult)[pri:0, instance:com.salesforce.testcases.LoginTestCase@4b1c1ea0]" name="tearDownMethod" is-config="true" duration-ms="1352" started-at="2020-07-02T12:41:45 IST" finished-at="2020-07-02T12:41:47 IST">
          <params>
            <param index="0">
              <value>
                <![CDATA[[TestResult name=loginAppl status=SUCCESS method=LoginTestCase.loginAppl()[pri:1, instance:com.salesforce.testcases.LoginTestCase@4b1c1ea0] output={null}]]]>
              </value>
            </param>
          </params>
          <reporter-output>
          </reporter-output>
        </test-method> <!-- tearDownMethod -->
        <test-method status="PASS" signature="tearDown()[pri:0, instance:com.salesforce.testcases.LoginTestCase@4b1c1ea0]" name="tearDown" is-config="true" duration-ms="996" started-at="2020-07-02T12:41:47 IST" finished-at="2020-07-02T12:41:48 IST">
          <reporter-output>
          </reporter-output>
        </test-method> <!-- tearDown -->
      </class> <!-- com.salesforce.testcases.LoginTestCase -->
    </test> <!-- Default test -->
  </suite> <!-- Default suite -->
</testng-results>
